<?xml version='1.0' encoding='UTF-8'?>
<testsuite hostname="aziz-ThinkPad-Edge-E545" name="Lab1Spec" tests="22" errors="0" failures="0" time="0.14">
                <properties>
[...]
</properties>
                <testcase classname="Lab1Spec" name="abs should evaluate to the absolute value of the argument" time="0.022"> 
                    </testcase><testcase classname="Lab1Spec" name="xor should evaluate to the exclusive or of the arguments" time="0.0"> 
                    </testcase><testcase classname="Lab1Spec" name="repeat should evaluate to repeated concatenation of a string" time="0.0"> 
                    </testcase><testcase classname="Lab1Spec" name="repeat should evaluate to an empty string when repeated zero times" time="0.0"> 
                    </testcase><testcase classname="Lab1Spec" name="repeat should throw an exception when a negative number of repetitions is expected" time="0.0020"> 
                    </testcase><testcase classname="Lab1Spec" name="sqrtStep should evaluate to one iteration of Newton's method" time="0.0010"> 
                    </testcase><testcase classname="Lab1Spec" name="sqrtN should perform several iterations of sqrtStep" time="0.0010"> 
                    </testcase><testcase classname="Lab1Spec" name="sqrtN should evaluate to x0 if n is zero" time="0.0"> 
                    </testcase><testcase classname="Lab1Spec" name="sqrtErr should perform iterations until the error is within epsilon" time="0.0"> 
                    </testcase><testcase classname="Lab1Spec" name="sqrtN should throw an exception when n is negative" time="0.0010"> 
                    </testcase><testcase classname="Lab1Spec" name="sqrtErr should throw an exception when using a non-positive epsilon" time="0.0010"> 
                    </testcase><testcase classname="Lab1Spec" name="repOk should ensure that a SearchTree is properly ordered" time="0.0"> 
                    </testcase><testcase classname="Lab1Spec" name="insert should insert numbers as leaves in SearchTrees at the proper position" time="0.0"> 
                    </testcase><testcase classname="Lab1Spec" name="deleteMin should remove the smallest value from a tree, and provide the resulting tree" time="0.0010"> 
                    </testcase><testcase classname="Lab1Spec" name="delete should remove a given value from a tree, if present" time="0.0010"> 
                    </testcase><testcase classname="Lab1Spec" name="insert should produce trees that satisfy repOk" time="0.0020"> 
                    </testcase><testcase classname="Lab1Spec" name="insert-delete should produce tress that satisfy repOk" time="0.0040"> 
                    </testcase><testcase classname="Lab1Spec" name="eval+ should perform addition" time="0.071"> 
                    </testcase><testcase classname="Lab1Spec" name="eval- should perform subtraction" time="0.0060"> 
                    </testcase><testcase classname="Lab1Spec" name="eval* should perform multiplication" time="0.0060"> 
                    </testcase><testcase classname="Lab1Spec" name="eval/ should perform division" time="0.0060"> 
                    </testcase><testcase classname="Lab1Spec" name="eval/0 should division by 0 should yield Infinity" time="0.015"> 
                    </testcase>
                <system-out></system-out>
                <system-err></system-err>
                </testsuite>